<?xml version="1.0" encoding="UTF-8"?>
<testsuite name="unknownnote.unknownnoteserver.UnknownNoteServerApplicationTests" tests="1" skipped="0" failures="0" errors="0" timestamp="2024-03-21T18:24:50" hostname="Minui-MacBookAir.local" time="0.302">
  <properties/>
  <testcase name="contextLoads()" classname="unknownnote.unknownnoteserver.UnknownNoteServerApplicationTests" time="0.302"/>
  <system-out><![CDATA[03:24:47.945 [Test worker] INFO org.springframework.test.context.support.AnnotationConfigContextLoaderUtils -- Could not detect default configuration classes for test class [unknownnote.unknownnoteserver.UnknownNoteServerApplicationTests]: UnknownNoteServerApplicationTests does not declare any static, non-private, non-final, nested classes annotated with @Configuration.
03:24:47.994 [Test worker] INFO org.springframework.boot.test.context.SpringBootTestContextBootstrapper -- Found @SpringBootConfiguration unknownnote.unknownnoteserver.UnknownNoteServerApplication for test class unknownnote.unknownnoteserver.UnknownNoteServerApplicationTests

  .   ____          _            __ _ _
 /\\ / ___'_ __ _ _(_)_ __  __ _ \ \ \ \
( ( )\___ | '_ | '_| | '_ \/ _` | \ \ \ \
 \\/  ___)| |_)| | | | | || (_| |  ) ) ) )
  '  |____| .__|_| |_|_| |_\__, | / / / /
 =========|_|==============|___/=/_/_/_/
 :: Spring Boot ::                (v3.2.1)

2024-03-22T03:24:48.168+09:00  INFO 20679 --- [    Test worker] u.u.UnknownNoteServerApplicationTests    : Starting UnknownNoteServerApplicationTests using Java 21.0.1 with PID 20679 (started by minpark in /Users/minpark/Desktop/unknown-note-server)
2024-03-22T03:24:48.169+09:00  INFO 20679 --- [    Test worker] u.u.UnknownNoteServerApplicationTests    : No active profile set, falling back to 1 default profile: "default"
2024-03-22T03:24:48.498+09:00  INFO 20679 --- [    Test worker] .s.d.r.c.RepositoryConfigurationDelegate : Bootstrapping Spring Data JPA repositories in DEFAULT mode.
2024-03-22T03:24:48.527+09:00  INFO 20679 --- [    Test worker] .s.d.r.c.RepositoryConfigurationDelegate : Finished Spring Data repository scanning in 26 ms. Found 5 JPA repository interfaces.
2024-03-22T03:24:48.766+09:00  INFO 20679 --- [    Test worker] o.hibernate.jpa.internal.util.LogHelper  : HHH000204: Processing PersistenceUnitInfo [name: default]
2024-03-22T03:24:48.794+09:00  INFO 20679 --- [    Test worker] org.hibernate.Version                    : HHH000412: Hibernate ORM core version 6.4.1.Final
2024-03-22T03:24:48.809+09:00  INFO 20679 --- [    Test worker] o.h.c.internal.RegionFactoryInitiator    : HHH000026: Second-level cache disabled
2024-03-22T03:24:48.956+09:00  INFO 20679 --- [    Test worker] o.s.o.j.p.SpringPersistenceUnitInfo      : No LoadTimeWeaver setup: ignoring JPA class transformer
2024-03-22T03:24:48.974+09:00  INFO 20679 --- [    Test worker] com.zaxxer.hikari.HikariDataSource       : HikariPool-1 - Starting...
2024-03-22T03:24:49.069+09:00  INFO 20679 --- [    Test worker] com.zaxxer.hikari.pool.HikariPool        : HikariPool-1 - Added connection com.mysql.cj.jdbc.ConnectionImpl@1f42366
2024-03-22T03:24:49.070+09:00  INFO 20679 --- [    Test worker] com.zaxxer.hikari.HikariDataSource       : HikariPool-1 - Start completed.
2024-03-22T03:24:49.594+09:00  INFO 20679 --- [    Test worker] o.h.e.t.j.p.i.JtaPlatformInitiator       : HHH000489: No JTA platform available (set 'hibernate.transaction.jta.platform' to enable JTA platform integration)
2024-03-22T03:24:49.595+09:00  INFO 20679 --- [    Test worker] j.LocalContainerEntityManagerFactoryBean : Initialized JPA EntityManagerFactory for persistence unit 'default'
2024-03-22T03:24:49.713+09:00  INFO 20679 --- [    Test worker] o.s.d.j.r.query.QueryEnhancerFactory     : Hibernate is in classpath; If applicable, HQL parser will be used.
2024-03-22T03:24:50.149+09:00  WARN 20679 --- [    Test worker] JpaBaseConfiguration$JpaWebConfiguration : spring.jpa.open-in-view is enabled by default. Therefore, database queries may be performed during view rendering. Explicitly configure spring.jpa.open-in-view to disable this warning
2024-03-22T03:24:50.281+09:00  INFO 20679 --- [    Test worker] o.s.s.web.DefaultSecurityFilterChain     : Will secure any request with [org.springframework.security.web.session.DisableEncodeUrlFilter@18c8a027, org.springframework.security.web.context.request.async.WebAsyncManagerIntegrationFilter@1694cbc, org.springframework.security.web.context.SecurityContextHolderFilter@684c2c57, org.springframework.security.web.header.HeaderWriterFilter@5b51a4c7, org.springframework.web.filter.CorsFilter@6c18cf67, org.springframework.security.web.authentication.logout.LogoutFilter@6092d41, org.springframework.security.web.savedrequest.RequestCacheAwareFilter@479f1d09, org.springframework.security.web.servletapi.SecurityContextHolderAwareRequestFilter@5caf9ea4, org.springframework.security.web.authentication.AnonymousAuthenticationFilter@74ed11d7, org.springframework.security.web.session.SessionManagementFilter@6eb06667, org.springframework.security.web.access.ExceptionTranslationFilter@3f040f9e, org.springframework.security.web.access.intercept.AuthorizationFilter@2e46ffd5]
2024-03-22T03:24:50.418+09:00  INFO 20679 --- [    Test worker] u.u.UnknownNoteServerApplicationTests    : Started UnknownNoteServerApplicationTests in 2.354 seconds (process running for 2.862)
]]></system-out>
  <system-err><![CDATA[WARNING: A Java agent has been loaded dynamically (/Users/minpark/.gradle/caches/modules-2/files-2.1/net.bytebuddy/byte-buddy-agent/1.14.10/90ed94ac044ea8953b224304c762316e91fd6b31/byte-buddy-agent-1.14.10.jar)
WARNING: If a serviceability tool is in use, please run with -XX:+EnableDynamicAgentLoading to hide this warning
WARNING: If a serviceability tool is not in use, please run with -Djdk.instrument.traceUsage for more information
WARNING: Dynamic loading of agents will be disallowed by default in a future release
]]></system-err>
</testsuite>
